2025-09-09 21:00:55,022 - INFO - Starting monthly backfill from 2021-01-01 to 2021-12-31
2025-09-09 21:00:55,041 - INFO - Processing month: 2021-01-01 to 2021-01-31
2025-09-09 21:00:56,617 - INFO - HTTP Request: GET https://public.pr.fedservices.be/api/eProcurementSea/v1/search/publications/byShortLink/v2-z76di6?page=1&pageSize=100&dispatchDateFrom=2021-01-01&dispatchDateTo=2021-01-31 "HTTP/1.1 200 OK"
2025-09-09 21:00:58,221 - INFO - HTTP Request: GET https://public.pr.fedservices.be/api/eProcurementSea/v1/search/publications/byShortLink/v2-z76di6?page=2&pageSize=100&dispatchDateFrom=2021-01-01&dispatchDateTo=2021-01-31 "HTTP/1.1 200 OK"
2025-09-09 21:01:00,883 - INFO - HTTP Request: GET https://public.pr.fedservices.be/api/eProcurementSea/v1/search/publications/byShortLink/v2-z76di6?page=3&pageSize=100&dispatchDateFrom=2021-01-01&dispatchDateTo=2021-01-31 "HTTP/1.1 200 OK"
2025-09-09 21:01:03,716 - INFO - HTTP Request: GET https://public.pr.fedservices.be/api/eProcurementSea/v1/search/publications/byShortLink/v2-z76di6?page=4&pageSize=100&dispatchDateFrom=2021-01-01&dispatchDateTo=2021-01-31 "HTTP/1.1 200 OK"
2025-09-09 21:01:06,545 - INFO - HTTP Request: GET https://public.pr.fedservices.be/api/eProcurementSea/v1/search/publications/byShortLink/v2-z76di6?page=5&pageSize=100&dispatchDateFrom=2021-01-01&dispatchDateTo=2021-01-31 "HTTP/1.1 200 OK"
2025-09-09 21:01:09,083 - INFO - HTTP Request: GET https://public.pr.fedservices.be/api/eProcurementSea/v1/search/publications/byShortLink/v2-z76di6?page=6&pageSize=100&dispatchDateFrom=2021-01-01&dispatchDateTo=2021-01-31 "HTTP/1.1 200 OK"
2025-09-09 21:01:11,610 - INFO - HTTP Request: GET https://public.pr.fedservices.be/api/eProcurementSea/v1/search/publications/byShortLink/v2-z76di6?page=7&pageSize=100&dispatchDateFrom=2021-01-01&dispatchDateTo=2021-01-31 "HTTP/1.1 200 OK"
2025-09-09 21:01:12,799 - INFO - Found 658 publications to process
2025-09-09 21:01:12,799 - INFO - Resuming with 658 unprocessed publications
2025-09-09 21:01:13,354 - INFO - HTTP Request: GET https://public.pr.fedservices.be/api/eProcurementDos/v1/publication-workspaces/64894a8e-fbc5-43cf-8cd5-c4924f8a3207 "HTTP/1.1 200 OK"
2025-09-09 21:01:13,355 - INFO - No XML content found via API for publication 64894a8e-fbc5-43cf-8cd5-c4924f8a3207
2025-09-09 21:01:19,074 - INFO - Successfully downloaded XML via web scraping for publication 64894a8e-fbc5-43cf-8cd5-c4924f8a3207
2025-09-09 21:01:19,074 - WARNING - Wrong notice type: 2 validation errors for ContractSchema
notice_id
  Input should be a valid string [type=string_type, input_value=None, input_type=NoneType]
    For further information visit https://errors.pydantic.dev/2.11/v/string_type
contract_id
  Input should be a valid string [type=string_type, input_value=None, input_type=NoneType]
    For further information visit https://errors.pydantic.dev/2.11/v/string_type
2025-09-09 21:01:19,080 - INFO - Successfully extracted award data using old format XML parser
2025-09-09 21:01:19,312 - INFO - Successfully processed contract for publication 64894a8e-fbc5-43cf-8cd5-c4924f8a3207
2025-09-09 21:01:19,312 - INFO - Processed 1/658: 64894a8e-fbc5-43cf-8cd5-c4924f8a3207
2025-09-09 21:01:20,601 - INFO - HTTP Request: GET https://public.pr.fedservices.be/api/eProcurementDos/v1/publication-workspaces/e2e62a02-8c28-492a-9f68-df208e891d37 "HTTP/1.1 200 OK"
2025-09-09 21:01:20,602 - INFO - No XML content found via API for publication e2e62a02-8c28-492a-9f68-df208e891d37
